<?xml version="1.0" encoding="UTF-8"?>
<!-- Generated by org.testng.reporters.JUnitReportReporter -->
<testsuite ignored="0" hostname="LAPTOP-AOT80K1O" failures="0" tests="2" name="org.testing.TestScripts.TC7_DummyPost" time="3.931" errors="0" timestamp="26 Dec 2020 20:27:52 GMT" skipped="0">
  <testcase classname="org.testing.TestScripts.TC7_DummyPost" name="get" time="0.161"/>
  <testcase classname="org.testing.TestScripts.TC7_DummyPost" name="post" time="3.770"/>
</testsuite> <!-- org.testing.TestScripts.TC7_DummyPost -->
